<?xml version="1.0" encoding="UTF-8"?>
<!-- Generated by org.testng.reporters.JUnitReportReporter -->
<testsuite hostname="DESKTOP-O9G7L1R" failures="0" tests="1" name="sharecaar_testcases.Search_TestCase" time="35.301" errors="0" timestamp="2024-03-26T11:48:55 IST" skipped="0">
  <testcase classname="sharecaar_testcases.Search_TestCase" name="SearchTest" time="35.301"/>
</testsuite> <!-- sharecaar_testcases.Search_TestCase -->
