<?xml version="1.0" encoding="UTF-8"?>
<!-- Generated by org.testng.reporters.JUnitReportReporter -->
<testsuite hostname="DESKTOP-O9G7L1R" failures="0" tests="1" name="sharecaar_testcases.Signup_TestCase" time="38.260" errors="0" timestamp="2024-03-21T11:57:09 IST" skipped="0">
  <testcase classname="sharecaar_testcases.Signup_TestCase" name="SignupTest2" time="38.260"/>
</testsuite> <!-- sharecaar_testcases.Signup_TestCase -->
