<?xml version="1.0" encoding="UTF-8"?>
<!-- Generated by org.testng.reporters.JUnitReportReporter -->
<testsuite hostname="DESKTOP-O9G7L1R" failures="0" tests="1" name="sharecaar_testcases.Search_TestCase" time="36.645" errors="0" timestamp="2024-03-21T18:13:24 IST" skipped="0">
  <testcase classname="sharecaar_testcases.Search_TestCase" name="SearchTest" time="36.645"/>
</testsuite> <!-- sharecaar_testcases.Search_TestCase -->
