<?xml version="1.0" encoding="UTF-8"?>
<!-- Generated by org.testng.reporters.JUnitReportReporter -->
<testsuite hostname="DESKTOP-O9G7L1R" failures="0" tests="1" name="sharecaar_testcases.Navigation_TestCase" time="119.829" errors="0" timestamp="2024-03-27T12:08:37 IST" skipped="0">
  <testcase classname="sharecaar_testcases.Navigation_TestCase" name="NavigationTest" time="119.829"/>
</testsuite> <!-- sharecaar_testcases.Navigation_TestCase -->
